<?xml version="1.0" encoding="UTF-8"?>
<testsuite name="com.mercadolivro.MercadoLivroApplicationTests" tests="1" skipped="0" failures="0" errors="0" timestamp="2022-05-19T01:58:20" hostname="K7490" time="0.207">
  <properties/>
  <testcase name="contextLoads()" classname="com.mercadolivro.MercadoLivroApplicationTests" time="0.207"/>
  <system-out><![CDATA[22:58:14.376 [Test worker] DEBUG org.springframework.test.context.BootstrapUtils - Instantiating CacheAwareContextLoaderDelegate from class [org.springframework.test.context.cache.DefaultCacheAwareContextLoaderDelegate]
22:58:14.389 [Test worker] DEBUG org.springframework.test.context.BootstrapUtils - Instantiating BootstrapContext using constructor [public org.springframework.test.context.support.DefaultBootstrapContext(java.lang.Class,org.springframework.test.context.CacheAwareContextLoaderDelegate)]
22:58:14.427 [Test worker] DEBUG org.springframework.test.context.BootstrapUtils - Instantiating TestContextBootstrapper for test class [com.mercadolivro.MercadoLivroApplicationTests] from class [org.springframework.boot.test.context.SpringBootTestContextBootstrapper]
22:58:14.444 [Test worker] INFO org.springframework.boot.test.context.SpringBootTestContextBootstrapper - Neither @ContextConfiguration nor @ContextHierarchy found for test class [com.mercadolivro.MercadoLivroApplicationTests], using SpringBootContextLoader
22:58:14.449 [Test worker] DEBUG org.springframework.test.context.support.AbstractContextLoader - Did not detect default resource location for test class [com.mercadolivro.MercadoLivroApplicationTests]: class path resource [com/mercadolivro/MercadoLivroApplicationTests-context.xml] does not exist
22:58:14.450 [Test worker] DEBUG org.springframework.test.context.support.AbstractContextLoader - Did not detect default resource location for test class [com.mercadolivro.MercadoLivroApplicationTests]: class path resource [com/mercadolivro/MercadoLivroApplicationTestsContext.groovy] does not exist
22:58:14.450 [Test worker] INFO org.springframework.test.context.support.AbstractContextLoader - Could not detect default resource locations for test class [com.mercadolivro.MercadoLivroApplicationTests]: no resource found for suffixes {-context.xml, Context.groovy}.
22:58:14.451 [Test worker] INFO org.springframework.test.context.support.AnnotationConfigContextLoaderUtils - Could not detect default configuration classes for test class [com.mercadolivro.MercadoLivroApplicationTests]: MercadoLivroApplicationTests does not declare any static, non-private, non-final, nested classes annotated with @Configuration.
22:58:14.496 [Test worker] DEBUG org.springframework.test.context.support.ActiveProfilesUtils - Could not find an 'annotation declaring class' for annotation type [org.springframework.test.context.ActiveProfiles] and class [com.mercadolivro.MercadoLivroApplicationTests]
22:58:14.552 [Test worker] DEBUG org.springframework.context.annotation.ClassPathScanningCandidateComponentProvider - Identified candidate component class: file [/home/diego/code/kotlin-spring-api/build/classes/kotlin/main/com/mercadolivro/MercadoLivroApplication.class]
22:58:14.553 [Test worker] INFO org.springframework.boot.test.context.SpringBootTestContextBootstrapper - Found @SpringBootConfiguration com.mercadolivro.MercadoLivroApplication for test class com.mercadolivro.MercadoLivroApplicationTests
22:58:14.638 [Test worker] DEBUG org.springframework.boot.test.context.SpringBootTestContextBootstrapper - @TestExecutionListeners is not present for class [com.mercadolivro.MercadoLivroApplicationTests]: using defaults.
22:58:14.638 [Test worker] INFO org.springframework.boot.test.context.SpringBootTestContextBootstrapper - Loaded default TestExecutionListener class names from location [META-INF/spring.factories]: [org.springframework.boot.test.autoconfigure.restdocs.RestDocsTestExecutionListener, org.springframework.boot.test.autoconfigure.web.client.MockRestServiceServerResetTestExecutionListener, org.springframework.boot.test.autoconfigure.web.servlet.MockMvcPrintOnlyOnFailureTestExecutionListener, org.springframework.boot.test.autoconfigure.web.servlet.WebDriverTestExecutionListener, org.springframework.boot.test.autoconfigure.webservices.client.MockWebServiceServerTestExecutionListener, org.springframework.boot.test.mock.mockito.MockitoTestExecutionListener, org.springframework.boot.test.mock.mockito.ResetMocksTestExecutionListener, org.springframework.test.context.web.ServletTestExecutionListener, org.springframework.test.context.support.DirtiesContextBeforeModesTestExecutionListener, org.springframework.test.context.event.ApplicationEventsTestExecutionListener, org.springframework.test.context.support.DependencyInjectionTestExecutionListener, org.springframework.test.context.support.DirtiesContextTestExecutionListener, org.springframework.test.context.transaction.TransactionalTestExecutionListener, org.springframework.test.context.jdbc.SqlScriptsTestExecutionListener, org.springframework.test.context.event.EventPublishingTestExecutionListener]
22:58:14.654 [Test worker] INFO org.springframework.boot.test.context.SpringBootTestContextBootstrapper - Using TestExecutionListeners: [org.springframework.test.context.web.ServletTestExecutionListener@388ba540, org.springframework.test.context.support.DirtiesContextBeforeModesTestExecutionListener@47605f2f, org.springframework.test.context.event.ApplicationEventsTestExecutionListener@2ece4966, org.springframework.boot.test.mock.mockito.MockitoTestExecutionListener@1dd0e7c4, org.springframework.boot.test.autoconfigure.SpringBootDependencyInjectionTestExecutionListener@7894f09b, org.springframework.test.context.support.DirtiesContextTestExecutionListener@3d484181, org.springframework.test.context.transaction.TransactionalTestExecutionListener@6111ba37, org.springframework.test.context.jdbc.SqlScriptsTestExecutionListener@7be58f16, org.springframework.test.context.event.EventPublishingTestExecutionListener@242aa8d9, org.springframework.boot.test.autoconfigure.restdocs.RestDocsTestExecutionListener@5b11a194, org.springframework.boot.test.autoconfigure.web.client.MockRestServiceServerResetTestExecutionListener@37bd68c3, org.springframework.boot.test.autoconfigure.web.servlet.MockMvcPrintOnlyOnFailureTestExecutionListener@60f7cc1d, org.springframework.boot.test.autoconfigure.web.servlet.WebDriverTestExecutionListener@11eadcba, org.springframework.boot.test.autoconfigure.webservices.client.MockWebServiceServerTestExecutionListener@4721d212, org.springframework.boot.test.mock.mockito.ResetMocksTestExecutionListener@1b065145]
22:58:14.658 [Test worker] DEBUG org.springframework.test.context.support.AbstractDirtiesContextTestExecutionListener - Before test class: context [DefaultTestContext@24d4d7c9 testClass = MercadoLivroApplicationTests, testInstance = [null], testMethod = [null], testException = [null], mergedContextConfiguration = [WebMergedContextConfiguration@f0e995e testClass = MercadoLivroApplicationTests, locations = '{}', classes = '{class com.mercadolivro.MercadoLivroApplication}', contextInitializerClasses = '[]', activeProfiles = '{}', propertySourceLocations = '{}', propertySourceProperties = '{org.springframework.boot.test.context.SpringBootTestContextBootstrapper=true}', contextCustomizers = set[org.springframework.boot.test.autoconfigure.actuate.metrics.MetricsExportContextCustomizerFactory$DisableMetricExportContextCustomizer@4ff8d125, org.springframework.boot.test.autoconfigure.properties.PropertyMappingContextCustomizer@0, org.springframework.boot.test.autoconfigure.web.servlet.WebDriverContextCustomizerFactory$Customizer@51fadaff, org.springframework.boot.test.context.filter.ExcludeFilterContextCustomizer@67d18ed7, org.springframework.boot.test.json.DuplicateJsonObjectContextCustomizerFactory$DuplicateJsonObjectContextCustomizer@7b205dbd, org.springframework.boot.test.mock.mockito.MockitoContextCustomizer@0, org.springframework.boot.test.web.client.TestRestTemplateContextCustomizer@2f67b837, org.springframework.boot.test.context.SpringBootTestArgs@1, org.springframework.boot.test.context.SpringBootTestWebEnvironment@6ab778a], resourceBasePath = 'src/main/webapp', contextLoader = 'org.springframework.boot.test.context.SpringBootContextLoader', parent = [null]], attributes = map['org.springframework.test.context.web.ServletTestExecutionListener.activateListener' -> true]], class annotated with @DirtiesContext [false] with mode [null].

  .   ____          _            __ _ _
 /\\ / ___'_ __ _ _(_)_ __  __ _ \ \ \ \
( ( )\___ | '_ | '_| | '_ \/ _` | \ \ \ \
 \\/  ___)| |_)| | | | | || (_| |  ) ) ) )
  '  |____| .__|_| |_|_| |_\__, | / / / /
 =========|_|==============|___/=/_/_/_/
 :: Spring Boot ::                (v2.6.6)

2022-05-18 22:58:15.042  INFO 269382 --- [    Test worker] c.m.MercadoLivroApplicationTests         : Starting MercadoLivroApplicationTests using Java 11.0.15 on K7490 with PID 269382 (started by diego in /home/diego/code/kotlin-spring-api)
2022-05-18 22:58:15.044  INFO 269382 --- [    Test worker] c.m.MercadoLivroApplicationTests         : No active profile set, falling back to 1 default profile: "default"
2022-05-18 22:58:15.939  INFO 269382 --- [    Test worker] .s.d.r.c.RepositoryConfigurationDelegate : Bootstrapping Spring Data JPA repositories in DEFAULT mode.
2022-05-18 22:58:16.014  INFO 269382 --- [    Test worker] .s.d.r.c.RepositoryConfigurationDelegate : Finished Spring Data repository scanning in 63 ms. Found 2 JPA repository interfaces.
2022-05-18 22:58:16.695  INFO 269382 --- [    Test worker] o.f.c.internal.license.VersionPrinter    : Flyway Community Edition 8.5.8 by Redgate
2022-05-18 22:58:16.695  INFO 269382 --- [    Test worker] o.f.c.internal.license.VersionPrinter    : See what's new here: https://flywaydb.org/documentation/learnmore/releaseNotes#8.5.8
2022-05-18 22:58:16.695  INFO 269382 --- [    Test worker] o.f.c.internal.license.VersionPrinter    : 
2022-05-18 22:58:16.704  INFO 269382 --- [    Test worker] com.zaxxer.hikari.HikariDataSource       : HikariPool-1 - Starting...
2022-05-18 22:58:17.093  INFO 269382 --- [    Test worker] com.zaxxer.hikari.HikariDataSource       : HikariPool-1 - Start completed.
2022-05-18 22:58:17.136  INFO 269382 --- [    Test worker] o.f.c.i.database.base.BaseDatabaseType   : Database: jdbc:mysql://localhost:3306/mercado_livro (MySQL 8.0)
2022-05-18 22:58:17.191  INFO 269382 --- [    Test worker] o.f.core.internal.command.DbValidate     : Successfully validated 3 migrations (execution time 00:00.022s)
2022-05-18 22:58:17.230  INFO 269382 --- [    Test worker] o.f.c.i.s.JdbcTableSchemaHistory         : Creating Schema History table `mercado_livro`.`flyway_schema_history` ...
2022-05-18 22:58:17.322  INFO 269382 --- [    Test worker] o.f.core.internal.command.DbMigrate      : Current version of schema `mercado_livro`: << Empty Schema >>
2022-05-18 22:58:17.330  INFO 269382 --- [    Test worker] o.f.core.internal.command.DbMigrate      : Migrating schema `mercado_livro` to version "1 - create table customer"
2022-05-18 22:58:17.406  INFO 269382 --- [    Test worker] o.f.core.internal.command.DbMigrate      : Migrating schema `mercado_livro` to version "2 - create table book"
2022-05-18 22:58:17.473  INFO 269382 --- [    Test worker] o.f.core.internal.command.DbMigrate      : Migrating schema `mercado_livro` to version "3 - add status at customer"
2022-05-18 22:58:17.519  INFO 269382 --- [    Test worker] o.f.core.internal.command.DbMigrate      : Successfully applied 3 migrations to schema `mercado_livro`, now at version v3 (execution time 00:00.208s)
2022-05-18 22:58:17.655  INFO 269382 --- [    Test worker] o.hibernate.jpa.internal.util.LogHelper  : HHH000204: Processing PersistenceUnitInfo [name: default]
2022-05-18 22:58:17.709  INFO 269382 --- [    Test worker] org.hibernate.Version                    : HHH000412: Hibernate ORM core version 5.6.7.Final
2022-05-18 22:58:17.902  INFO 269382 --- [    Test worker] o.hibernate.annotations.common.Version   : HCANN000001: Hibernate Commons Annotations {5.1.2.Final}
2022-05-18 22:58:18.048  INFO 269382 --- [    Test worker] org.hibernate.dialect.Dialect            : HHH000400: Using dialect: org.hibernate.dialect.MySQL8Dialect
2022-05-18 22:58:18.612  INFO 269382 --- [    Test worker] o.h.e.t.j.p.i.JtaPlatformInitiator       : HHH000490: Using JtaPlatform implementation: [org.hibernate.engine.transaction.jta.platform.internal.NoJtaPlatform]
2022-05-18 22:58:18.620  INFO 269382 --- [    Test worker] j.LocalContainerEntityManagerFactoryBean : Initialized JPA EntityManagerFactory for persistence unit 'default'
2022-05-18 22:58:19.596  WARN 269382 --- [    Test worker] JpaBaseConfiguration$JpaWebConfiguration : spring.jpa.open-in-view is enabled by default. Therefore, database queries may be performed during view rendering. Explicitly configure spring.jpa.open-in-view to disable this warning
2022-05-18 22:58:20.198  INFO 269382 --- [    Test worker] c.m.MercadoLivroApplicationTests         : Started MercadoLivroApplicationTests in 5.501 seconds (JVM running for 6.596)
]]></system-out>
  <system-err><![CDATA[]]></system-err>
</testsuite>
